Sun Jun 14 20:07:08 UTC 2020 > my_partee [1 member] found near 
Mon Jun 15 13:28:49 UTC 2020 > my_partee [1 member] found near 
Mon Jun 15 15:10:25 UTC 2020 Malediction Minar-im-Simyar [six] found near 
Mon Jun 15 15:10:29 UTC 2020 Malediction Minar-im-Simyar [six] found near 
Wed Jun 17 14:41:42 UTC 2020 Burgo the vampire [Transylvanian] found near 
Wed Jun 17 15:21:34 UTC 2020 Yokosumi Minar-im-Simyar [jazz] found near 
Wed Jun 17 18:26:52 UTC 2020 > Wimpy mode [90 / 204 hp] found near 
Wed Jun 17 18:27:10 UTC 2020 > Wimpy mode [90 / 204 hp] found near 
Wed Jun 17 21:35:11 UTC 2020 Yokosumi Minar-im-Simyar [jazz] found near 
Wed Jun 17 21:40:15 UTC 2020 > [Simyarin] found near 
Wed Jun 17 21:46:43 UTC 2020 Yokosumi Minar-im-Simyar [jazz] found near 
Thu Jun 18 16:48:18 UTC 2020 > [Simyarin] found near 
Thu Jun 18 21:32:41 UTC 2020 > [Simyarin] found near 
Fri Jun 19 22:41:44 UTC 2020 | Uruloki Minar-im-Simyar [neutral] found near 
Fri Jun 19 22:42:16 UTC 2020 Wimpy mode [90 / 204 hp] found near 
Mon Jun 22 08:52:51 UTC 2020 | Uruloki Minar-im-Simyar [evil] found near 
Tue Jun 23 08:31:13 UTC 2020 Malediction Minar-im-Simyar [six] found near 
Fri Jun 26 09:41:02 UTC 2020 Malediction Minar-im-Simyar [six] found near 
Sat Jun 27 15:51:14 UTC 2020 Malediction Minar-im-Simyar [six] found near 
Sat Jun 27 15:53:10 UTC 2020 Malediction Minar-im-Simyar [six] found near 
Sun Jun 28 12:32:17 UTC 2020 > [Simyarin] found near 
