Sun Jun 14 13:19:28 UTC 2020 \*\* The tower guard was in weak shape [guard].
Sun Jun 14 15:06:11 UTC 2020 \*\* The guard was in very weak shape [guard].
Sun Jun 14 15:08:12 UTC 2020 > The guard was in superior shape [guard].
Sun Jun 14 16:34:22 UTC 2020 \*\* The guard was in very weak shape [guard].
Sun Jun 14 16:38:03 UTC 2020 > The guard was in superior shape [guard].
Sun Jun 14 21:07:16 UTC 2020 \*\* The guard was in very weak shape [guard].
Sun Jun 14 21:10:31 UTC 2020 > The guard was in superior shape [guard].
Sun Jun 14 22:26:41 UTC 2020 \*\* The guard was in deplorable shape [guard].
Sun Jun 14 22:29:02 UTC 2020 > The guard was in superior shape [guard].
Mon Jun 15 11:49:00 UTC 2020 \*\* The squid was in good shape [squid].
Mon Jun 15 15:30:21 UTC 2020 \*\* The squid was in very good shape [squid].
Tue Jun 16 09:15:23 UTC 2020 \*\* The tower guard was in very good shape [guard].
Tue Jun 16 11:33:14 UTC 2020 > The guard was in deplorable shape [guard].
Wed Jun 17 14:49:29 UTC 2020 \*\* The squid was in weak shape [squid].
Wed Jun 17 15:22:16 UTC 2020 \*\* The squid was in weak shape [squid].
Wed Jun 17 15:26:03 UTC 2020 > The big angel was in good shape [angel].
Wed Jun 17 15:28:27 UTC 2020 \*\* The squid was in weak shape [squid].
Wed Jun 17 20:49:00 UTC 2020 > The guard was in superior shape [guard].
Thu Jun 18 10:40:11 UTC 2020 \*\* The white knight was in deplorable shape [knight].
Thu Jun 18 10:40:15 UTC 2020 \*\* The white knight was in deplorable shape [bishop].
Thu Jun 18 23:00:29 UTC 2020 \*\* The squid was in very good shape [squid].
Fri Jun 19 15:51:59 UTC 2020 \*\* The tower guard was in very weak shape [guard].
Fri Jun 19 19:04:12 UTC 2020 \*\* The tower guard was in deplorable shape [guard].
Fri Jun 19 19:09:46 UTC 2020 > The guard was in fairly poor shape [guard].
Fri Jun 19 19:09:50 UTC 2020 > The guard was in very good shape [guard].
